SF:pyamber/__init__.py
DA:1,1
DA:3,1
DA:4,1
DA:5,1
DA:6,1
DA:7,1
LF:6
LH:6
end_of_record
SF:pyamber/enum.py
DA:1,1
DA:3,1
DA:6,1
DA:7,1
DA:8,1
DA:9,1
DA:10,1
DA:13,1
DA:14,1
DA:15,1
DA:16,1
LF:11
LH:11
end_of_record
SF:pyamber/features.py
DA:1,1
DA:3,1
DA:5,1
DA:8,1
DA:9,1
DA:10,1
DA:12,1
DA:13,1
DA:15,1
DA:17,1
DA:19,1
DA:20,1
DA:22,1
DA:24,1
DA:26,1
DA:27,1
DA:29,1
DA:31,1
DA:32,1
DA:33,1
DA:35,1
DA:36,1
DA:37,1
DA:38,1
DA:40,1
DA:42,1
DA:43,1
DA:44,1
DA:46,1
DA:47,1
DA:49,1
DA:50,1
DA:52,1
DA:54,1
DA:56,1
DA:57,1
DA:58,1
DA:60,1
DA:61,1
DA:63,1
DA:65,1
DA:66,1
DA:68,1
DA:69,1
DA:70,1
LF:45
LH:45
FN:9,10,Features_Request.__init__
FNDA:1,Features_Request.__init__
FN:12,13,Features_Request.exchanges
FNDA:1,Features_Request.exchanges
FN:15,20,Features_Request.price_pairs
FNDA:1,Features_Request.price_pairs
FN:22,33,Features_Request.ohlcv_pairs
FNDA:1,Features_Request.ohlcv_pairs
FN:35,44,Features_Request.ticker_pairs
FNDA:1,Features_Request.ticker_pairs
FN:46,58,Features_Request.pairs
FNDA:1,Features_Request.pairs
FN:60,70,Features_Request.trades
FNDA:1,Features_Request.trades
FNF:7
FNH:7
end_of_record
SF:pyamber/flask_amberdata.py
DA:1,1
DA:3,1
DA:5,1
DA:8,1
DA:9,1
DA:12,1
DA:15,1
DA:16,1
DA:17,1
DA:18,1
DA:20,1
DA:21,1
DA:27,1
DA:28,1
DA:31,1
DA:33,1
DA:34,1
DA:35,1
DA:37,1
DA:39,1
DA:41,1
DA:42,1
DA:44,1
DA:47,1
DA:49,1
DA:52,1
DA:55,1
DA:59,1
DA:60,1
DA:62,1
DA:63,1
DA:67,1
DA:70,1
LF:33
LH:33
FN:15,18,Amberdata.__init__
FNDA:1,Amberdata.__init__
FN:21,31,Amberdata.__create_request
FNDA:1,Amberdata.__create_request
FN:33,60,Amberdata.init_app
FNDA:1,Amberdata.init_app
FN:63,67,Amberdata.request
FNDA:1,Amberdata.request
FNF:4
FNH:4
end_of_record
SF:pyamber/intervals.py
DA:1,1
DA:3,1
DA:6,1
DA:19,1
DA:21,1
DA:22,1
DA:25,1
DA:27,1
DA:32,1
LF:9
LH:9
FN:6,32,intervals
FNDA:1,intervals
FNF:1
FNH:1
end_of_record
SF:pyamber/markets.py
DA:1,1
DA:3,1
DA:5,1
DA:6,1
DA:7,1
DA:9,1
DA:12,1
DA:13,1
DA:14,1
DA:16,1
DA:25,1
DA:26,1
DA:28,1
DA:29,1
DA:31,1
DA:32,1
DA:34,1
DA:37,1
DA:39,1
DA:47,1
DA:48,1
DA:51,1
DA:52,1
DA:53,1
DA:55,1
DA:56,1
DA:57,1
DA:59,1
DA:61,1
DA:62,1
DA:63,1
DA:64,1
DA:67,1
DA:68,1
DA:69,1
DA:71,1
DA:72,1
DA:73,1
DA:75,1
DA:76,1
DA:77,1
DA:79,1
DA:80,1
DA:81,1
DA:83,1
DA:84,1
DA:85,1
DA:87,1
DA:88,1
DA:90,1
DA:91,1
DA:93,1
DA:94,1
DA:96,1
DA:98,1
DA:100,1
DA:102,1
DA:103,1
DA:109,1
DA:110,1
DA:112,1
DA:115,1
DA:116,1
DA:117,1
DA:119,1
DA:120,1
DA:121,1
DA:123,1
DA:124,1
DA:126,1
DA:128,1
DA:131,1
DA:132,1
DA:137,1
DA:139,1
DA:140,1
DA:141,1
DA:142,1
DA:144,1
DA:146,1
DA:147,1
DA:148,1
DA:150,1
DA:151,1
DA:152,1
DA:154,1
DA:156,1
DA:157,1
DA:158,1
DA:159,1
LF:90
LH:90
FN:13,14,OhlcvRequest.__init__
FNDA:1,OhlcvRequest.__init__
FN:16,53,OhlcvRequest.history
FNDA:1,OhlcvRequest.history
FN:55,64,OhlcvRequest.latest
FNDA:1,OhlcvRequest.latest
FN:68,69,PriceRequest.__init__
FNDA:1,PriceRequest.__init__
FN:71,81,PriceRequest.latest
FNDA:1,PriceRequest.latest
FN:72,73,PriceRequest.latest.__dict2series
FNDA:1,PriceRequest.latest.__dict2series
FN:83,112,PriceRequest.history
FNDA:1,PriceRequest.history
FN:84,85,PriceRequest.history.__dict2series
FNDA:1,PriceRequest.history.__dict2series
FN:87,88,PriceRequest.history.__payload2frame
FNDA:1,PriceRequest.history.__payload2frame
FN:116,117,BidAskRequest.__init__
FNDA:1,BidAskRequest.__init__
FN:119,148,BidAskRequest.history
FNDA:1,BidAskRequest.history
FN:150,159,BidAskRequest.latest
FNDA:1,BidAskRequest.latest
FNF:12
FNH:12
end_of_record
SF:pyamber/request.py
DA:1,1
DA:3,1
DA:5,1
DA:7,1
DA:8,1
DA:11,1
DA:12,1
DA:13,1
DA:15,1
DA:16,1
DA:17,1
DA:19,1
DA:20,1
DA:21,1
DA:23,1
DA:24,1
DA:25,1
DA:27,1
DA:28,1
DA:29,1
DA:31,1
DA:32,1
DA:33,1
DA:35,1
DA:36,1
DA:38,1
DA:40,1
DA:42,1
DA:44,1
DA:46,1
DA:47,1
DA:48,1
LF:32
LH:32
FN:12,13,AmberRequest.__init__
FNDA:1,AmberRequest.__init__
FN:16,17,AmberRequest.prices
FNDA:1,AmberRequest.prices
FN:20,21,AmberRequest.ohlcv
FNDA:1,AmberRequest.ohlcv
FN:24,25,AmberRequest.bid_ask
FNDA:1,AmberRequest.bid_ask
FN:28,29,AmberRequest.headers
FNDA:1,AmberRequest.headers
FN:32,33,AmberRequest.features
FNDA:1,AmberRequest.features
FN:35,44,AmberRequest.get
FNDA:1,AmberRequest.get
FN:47,48,AmberRequest.health
FNDA:1,AmberRequest.health
FNF:8
FNH:8
end_of_record
SF:pyamber/util.py
DA:1,1
DA:3,1
DA:6,1
DA:7,1
DA:9,1
DA:10,1
DA:11,1
DA:12,1
LF:8
LH:8
FN:6,12,frames
FNDA:1,frames
FNF:1
FNH:1
end_of_record
